<?xml version="1.0" encoding="UTF-8"?>
<testsuite xmlns:xsi="http://www.w3.org/2001/XMLSchema-instance" xsi:noNamespaceSchemaLocation="https://maven.apache.org/surefire/maven-surefire-plugin/xsd/surefire-test-report-3.0.xsd" version="3.0" name="TestCreditCard" time="0.095" tests="22" errors="0" skipped="0" failures="0">
  <properties>
[...]
</properties>
  <testcase name="normalCreditCardWithCreditLineWithLessThanCreditLimit" classname="TestCreditCard" time="0.037"/>
  <testcase name="expiredCardWithCreditLineWithLessThanCreditLimitCredit" classname="TestCreditCard" time="0.002"/>
  <testcase name="normalCreditCardWithoutCreditLineWithMoreThenCreditLimit" classname="TestCreditCard" time="0.001"/>
  <testcase name="normalCreditCardWithoutCreditLineWithLessThenCreditLimit" classname="TestCreditCard" time="0.001"/>
  <testcase name="canTransferFromPositive" classname="TestCreditCard" time="0.001"/>
  <testcase name="canTransferFromNegative" classname="TestCreditCard" time="0.001"/>
  <testcase name="expiredCardWithdrawalMoreThanBalance" classname="TestCreditCard" time="0.001"/>
  <testcase name="expiredCardWithoutCreditLineWithMoreThanCreditLimitCredit" classname="TestCreditCard" time="0.001"/>
  <testcase name="normalCardTransferTo" classname="TestCreditCard" time="0.001"/>
  <testcase name="canGetCreditPositive" classname="TestCreditCard" time="0"/>
  <testcase name="expiredCardWithdrawalLessThanBalance" classname="TestCreditCard" time="0.001"/>
  <testcase name="testCreditExpiration" classname="TestCreditCard" time="0.001"/>
  <testcase name="expiredCardTransferFromMoreThanBalance" classname="TestCreditCard" time="0.001"/>
  <testcase name="canGetCreditNegative" classname="TestCreditCard" time="0"/>
  <testcase name="testCreditExpirationFalse" classname="TestCreditCard" time="0.001"/>
  <testcase name="expiredCardWithCreditLineWithMoreThanCreditLimitCredit" classname="TestCreditCard" time="0.001"/>
  <testcase name="expiredCardWithoutCreditLineWithLessThanCreditLimitCredit" classname="TestCreditCard" time="0"/>
  <testcase name="expiredCardTransferTo" classname="TestCreditCard" time="0.002"/>
  <testcase name="normalCreditCardWithCreditLineWithMoreThanCreditLimit" classname="TestCreditCard" time="0"/>
  <testcase name="expiredCardTransferFromLessThanBalance" classname="TestCreditCard" time="0"/>
  <testcase name="canWithdrawPositive" classname="TestCreditCard" time="0.001"/>
  <testcase name="canWithdrawNegative" classname="TestCreditCard" time="0"/>
</testsuite>